<?xml version="1.0" encoding="UTF-8"?>
<!-- Generated by org.testng.reporters.JUnitReportReporter -->
<testsuite hostname="LAPTOP-G2HQ2MCH" failures="0" tests="3" name="Testng.HolidaysLoan" time="0.003" errors="0" timestamp="2023-05-19T16:46:02 CEST" skipped="0">
  <testcase classname="Testng.HolidaysLoan" name="Holidaysloanbyweb" time="0.001"/>
  <system-out/>
  <testcase classname="Testng.HolidaysLoan" name="CarloanbyBranch" time="0.001"/>
  <system-out/>
  <testcase classname="Testng.HolidaysLoan" name="Holidaysloanbyapp" time="0.001"/>
  <system-out/>
</testsuite> <!-- Testng.HolidaysLoan -->
