<?xml version="1.0" encoding="UTF-8"?>
<!-- Generated by org.testng.reporters.JUnitReportReporter -->
<testsuite hostname="LAPTOP-G2HQ2MCH" failures="0" tests="2" name="Testng.BasicFrameTest" time="0.000" errors="0" timestamp="2023-05-19T16:46:02 CEST" skipped="0">
  <testcase classname="Testng.BasicFrameTest" name="testcase2" time="0.000"/>
  <system-out/>
  <testcase classname="Testng.BasicFrameTest" name="testcase1" time="0.000"/>
  <system-out/>
</testsuite> <!-- Testng.BasicFrameTest -->
