<?xml version="1.0" encoding="UTF-8"?>
<!-- Generated by org.testng.reporters.JUnitReportReporter -->
<testsuite hostname="LAPTOP-G2HQ2MCH" failures="0" tests="3" name="Testng.PersonalLoan" time="0.004" errors="0" timestamp="2023-05-19T16:46:02 CEST" skipped="0">
  <testcase classname="Testng.PersonalLoan" name="Personalloanbyapp" time="0.002"/>
  <system-out/>
  <testcase classname="Testng.PersonalLoan" name="Personalloanbyweb" time="0.001"/>
  <system-out/>
  <testcase classname="Testng.PersonalLoan" name="PersonalloanbyBranch" time="0.001"/>
  <system-out/>
</testsuite> <!-- Testng.PersonalLoan -->
