<?xml version="1.0" encoding="UTF-8"?>
<!-- Generated by org.testng.reporters.JUnitReportReporter -->
<testsuite hostname="LAPTOP-G2HQ2MCH" failures="0" tests="3" name="Testng.Carloan" time="0.014" errors="0" timestamp="2023-05-19T16:46:02 CEST" skipped="0">
  <testcase classname="Testng.Carloan" name="Carloanbyapp" time="0.012"/>
  <system-out/>
  <testcase classname="Testng.Carloan" name="Carloanbybranch" time="0.002"/>
  <system-out/>
  <testcase classname="Testng.Carloan" name="Carloanbyweb" time="0.000"/>
  <system-out/>
</testsuite> <!-- Testng.Carloan -->
