<?xml version="1.0" encoding="UTF-8"?>
<!-- Generated by org.testng.reporters.JUnitReportReporter -->
<testsuite hostname="LAPTOP-G2HQ2MCH" failures="0" tests="3" name="Testng.HomeLoan" time="0.005" errors="0" timestamp="2023-05-19T16:46:02 CEST" skipped="0">
  <testcase classname="Testng.HomeLoan" name="HomeloanbyBranch" time="0.002"/>
  <system-out/>
  <testcase classname="Testng.HomeLoan" name="Homeloanbyapp" time="0.001"/>
  <system-out/>
  <testcase classname="Testng.HomeLoan" name="Homeloanbyweb" time="0.002"/>
  <system-out/>
</testsuite> <!-- Testng.HomeLoan -->
