<?xml version="1.0" encoding="UTF-8"?>
<!-- Generated by org.testng.reporters.JUnitReportReporter -->
<testsuite hostname="LAPTOP-G2HQ2MCH" failures="0" tests="3" name="Testng.Smartloan" time="0.014" errors="0" timestamp="2023-05-19T16:54:42 CEST" skipped="0">
  <testcase classname="Testng.Smartloan" name="Smartloanbyweb" time="0.013"/>
  <system-out/>
  <testcase classname="Testng.Smartloan" name="Smartloanbyapp" time="0.001"/>
  <system-out/>
  <testcase classname="Testng.Smartloan" name="SmartloanbyBranch" time="0.000"/>
  <system-out/>
</testsuite> <!-- Testng.Smartloan -->
